[  2970.848] 
X.Org X Server 1.21.1.4
X Protocol Version 11, Revision 0
[  2970.848] Current Operating System: Linux julius-denkplatte 5.19.13-arch1-1 #1 SMP PREEMPT_DYNAMIC Tue, 04 Oct 2022 14:36:58 +0000 x86_64
[  2970.848] Kernel command line: BOOT_IMAGE=/vmlinuz-linux root=UUID=308f5529-4f04-4a88-a402-3ca8f63bde3f rw rootfstype=ext4 loglevel=3 resume=308f5529-4f04-4a88-a402-3ca8f63bde3f quiet resume=/dev/disk/by-uuid/308f5529-4f04-4a88-a402-3ca8f63bde3f resume_offset=33447936 resume=/dev/disk/by-uuid/308f5529-4f04-4a88-a402-3ca8f63bde3f resume_offset=33447936
[  2970.848]  
[  2970.848] Current version of pixman: 0.40.0
[  2970.848] 	Before reporting problems, check http://wiki.x.org
	to make sure that you have the latest version.
[  2970.848] Markers: (--) probed, (**) from config file, (==) default setting,
	(++) from command line, (!!) notice, (II) informational,
	(WW) warning, (EE) error, (NI) not implemented, (??) unknown.
[  2970.849] (==) Log file: "/home/julius/.local/share/xorg/Xorg.1.log", Time: Sun Oct  9 08:47:54 2022
[  2970.849] (II) Module ABI versions:
[  2970.849] 	X.Org ANSI C Emulation: 0.4
[  2970.849] 	X.Org Video Driver: 25.2
[  2970.849] 	X.Org XInput driver : 24.4
[  2970.849] 	X.Org Server Extension : 10.0
[  2970.852] (II) systemd-logind: took control of session /org/freedesktop/login1/session/_33
[  2970.853] (II) xfree86: Adding drm device (/dev/dri/card0)
[  2970.853] (II) Platform probe for /sys/devices/pci0000:00/0000:00:08.1/0000:07:00.0/drm/card0
[  2970.854] (II) systemd-logind: got fd for /dev/dri/card0 226:0 fd 13 paused 0
[  2970.858] (--) PCI:*(7@0:0:0) 1002:1638:17aa:509c rev 195, Mem @ 0xd0000000/268435456, 0xe0000000/2097152, 0xfd400000/524288, I/O @ 0x00001000/256
[  2970.858] List of video drivers:
[  2970.858] 	amdgpu
[  2970.858] 	ati
[  2970.858] 	radeon
[  2970.858] 	modesetting
[  2970.858] (II) LoadModule: "amdgpu"
[  2970.858] (II) Loading /usr/lib/xorg/modules/drivers/amdgpu_drv.so
[  2970.859] (II) Module amdgpu: vendor="X.Org Foundation"
[  2970.859] 	compiled for 1.21.1.3, module version = 22.0.0
[  2970.859] 	Module class: X.Org Video Driver
[  2970.859] 	ABI class: X.Org Video Driver, version 25.2
[  2970.859] (II) LoadModule: "ati"
[  2970.859] (II) Loading /usr/lib/xorg/modules/drivers/ati_drv.so
[  2970.859] (II) Module ati: vendor="X.Org Foundation"
[  2970.859] 	compiled for 1.21.1.4, module version = 19.1.0
[  2970.859] 	Module class: X.Org Video Driver
[  2970.859] 	ABI class: X.Org Video Driver, version 25.2
[  2970.859] (II) LoadModule: "radeon"
[  2970.859] (II) Loading /usr/lib/xorg/modules/drivers/radeon_drv.so
[  2970.860] (II) Module radeon: vendor="X.Org Foundation"
[  2970.860] 	compiled for 1.21.1.4, module version = 19.1.0
[  2970.860] 	Module class: X.Org Video Driver
[  2970.860] 	ABI class: X.Org Video Driver, version 25.2
[  2970.860] (II) LoadModule: "modesetting"
[  2970.860] (II) Loading /usr/lib/xorg/modules/drivers/modesetting_drv.so
[  2970.860] (II) Module modesetting: vendor="X.Org Foundation"
[  2970.860] 	compiled for 1.21.1.4, module version = 1.21.1
[  2970.860] 	Module class: X.Org Video Driver
[  2970.860] 	ABI class: X.Org Video Driver, version 25.2
[  2970.860] xf86EnableIO: failed to enable I/O ports 0000-03ff (Operation not permitted)
[  2970.860] (II) AMDGPU: Driver for AMD Radeon:
	All GPUs supported by the amdgpu kernel driver
[  2970.860] (II) modesetting: Driver for Modesetting Kernel Drivers: kms
[  2970.895] (++) Using config file: "/home/julius/xorg.conf.new"
[  2970.895] (==) Using config directory: "/etc/X11/xorg.conf.d"
[  2970.895] (==) Using system config directory "/usr/share/X11/xorg.conf.d"
[  2970.896] (==) ServerLayout "X.org Configured"
[  2970.896] (**) |-->Screen "Screen0" (0)
[  2970.896] (**) |   |-->Monitor "Monitor0"
[  2970.896] (**) |   |-->Device "Card0"
[  2970.896] (**) |-->Screen "Screen1" (1)
[  2970.896] (**) |   |-->Monitor "Monitor1"
[  2970.896] (**) |   |-->Device "Card1"
[  2970.896] (**) |-->Input Device "Mouse0"
[  2970.896] (**) |-->Input Device "Keyboard0"
[  2970.896] (==) Automatically adding devices
[  2970.896] (==) Automatically enabling devices
[  2970.896] (==) Automatically adding GPU devices
[  2970.896] (==) Automatically binding GPU devices
[  2970.896] (==) Max clients allowed: 256, resource mask: 0x1fffff
[  2970.896] (WW) The directory "/usr/share/fonts/misc" does not exist.
[  2970.896] 	Entry deleted from font path.
[  2970.896] (WW) `fonts.dir' not found (or not valid) in "/usr/share/fonts/TTF".
[  2970.896] 	Entry deleted from font path.
[  2970.896] 	(Run 'mkfontdir' on "/usr/share/fonts/TTF").
[  2970.896] (WW) The directory "/usr/share/fonts/OTF" does not exist.
[  2970.896] 	Entry deleted from font path.
[  2970.896] (WW) The directory "/usr/share/fonts/Type1" does not exist.
[  2970.896] 	Entry deleted from font path.
[  2970.896] (WW) The directory "/usr/share/fonts/100dpi" does not exist.
[  2970.896] 	Entry deleted from font path.
[  2970.896] (WW) The directory "/usr/share/fonts/75dpi" does not exist.
[  2970.896] 	Entry deleted from font path.
[  2970.896] (WW) The directory "/usr/share/fonts/misc" does not exist.
[  2970.896] 	Entry deleted from font path.
[  2970.896] (WW) `fonts.dir' not found (or not valid) in "/usr/share/fonts/TTF".
[  2970.896] 	Entry deleted from font path.
[  2970.897] 	(Run 'mkfontdir' on "/usr/share/fonts/TTF").
[  2970.897] (WW) The directory "/usr/share/fonts/OTF" does not exist.
[  2970.897] 	Entry deleted from font path.
[  2970.897] (WW) The directory "/usr/share/fonts/Type1" does not exist.
[  2970.897] 	Entry deleted from font path.
[  2970.897] (WW) The directory "/usr/share/fonts/100dpi" does not exist.
[  2970.897] 	Entry deleted from font path.
[  2970.897] (WW) The directory "/usr/share/fonts/75dpi" does not exist.
[  2970.897] 	Entry deleted from font path.
[  2970.897] (**) FontPath set to:
	
[  2970.897] (**) ModulePath set to "/usr/lib/xorg/modules"
[  2970.897] (WW) Hotplugging is on, devices using drivers 'kbd', 'mouse' or 'vmmouse' will be disabled.
[  2970.897] (WW) Disabling Mouse0
[  2970.897] (WW) Disabling Keyboard0
[  2970.897] (II) AMDGPU(0): [KMS] Kernel modesetting enabled.
[  2970.897] (EE) AMDGPU(0): [drm] device is not DRM master.
[  2970.897] (II) AMDGPU(1): [KMS] Kernel modesetting enabled.
[  2970.898] (EE) AMDGPU(1): [drm] Failed to open DRM device for pci:0000:07:00.1: Invalid argument
[  2970.898] 
[  2970.898] 
Xorg is not able to detect your mouse.
Edit the file and correct the Device.
[  2970.898] 
Xorg has configured a multihead system, please check your config.
[  2970.898] 
Your xorg.conf file is /home/julius/xorg.conf.new

[  2970.898] To test the server, run 'X -config /home/julius/xorg.conf.new'

[  2970.951] (EE) Server terminated with error (2). Closing log file.
